#
# A fatal error has been detected by the Java Runtime Environment:
#
#  EXCEPTION_ACCESS_VIOLATION (0xc0000005) at pc=0x0000000074344ef7, pid=213660, tid=0x0000000000033354
#
# JRE version: Java(TM) SE Runtime Environment (8.0_211-b12) (build 1.8.0_211-b12)
# Java VM: Java HotSpot(TM) 64-Bit Server VM (25.211-b12 mixed mode windows-amd64 compressed oops)
# Problematic frame:
# V  [jvm.dll+0x214ef7]
#
# Failed to write core dump. Minidumps are not enabled by default on client versions of Windows
#
# If you would like to submit a bug report, please visit:
#   http://bugreport.java.com/bugreport/crash.jsp
#

---------------  T H R E A D  ---------------

Current thread (0x000000001c98e800):  JavaThread "http-nio-8081-exec-5" daemon [_thread_in_vm, id=209748, stack(0x000000001f150000,0x000000001f250000)]

siginfo: ExceptionCode=0xc0000005, writing address 0x000000001f24a6b0

Registers:
RAX=0x000000001f24a6b0, RBX=0x0000000000000006, RCX=0x0000000000005000, RDX=0x0000000000000006
RSP=0x000000001f24f6b0, RBP=0x0000000000000000, RSI=0x000000001f24f6b0, RDI=0x0000000000000006
R8 =0x0000000000000006, R9 =0x000000001c97f820, R10=0x00000000176be1d8, R11=0x000000001f15a148
R12=0x000000001c97f820, R13=0x000000001c98e800, R14=0x000000001f24f778, R15=0x00000000176be1d8
RIP=0x0000000074344ef7, EFLAGS=0x0000000000010202

Top of Stack: (sp=0x000000001f24f6b0)
0x000000001f24f6b0:   000000001f24fa40 0000000100006bd0
0x000000001f24f6c0:   000000001c98e800 000000001c97f820
0x000000001f24f6d0:   00000000ffffffff 0000000074345e27
0x000000001f24f6e0:   000000001f24f7e0 00000000176be1d8
0x000000001f24f6f0:   000000001c98e800 00000000741f10d3
0x000000001f24f700:   000000001f24f740 000000001c98e800
0x000000001f24f710:   000000001f24f7d0 000000001c98e800
0x000000001f24f720:   00000000176be1d8 000000001c98e800
0x000000001f24f730:   0000000003393be0 000000001c98e800
0x000000001f24f740:   00000000176be1d8 000000001c98e800
0x000000001f24f750:   00000000176be1d8 000000001c98e800
0x000000001f24f760:   0000000000000001 00000000176be1d8
0x000000001f24f770:   000000001c98e800 000000001c81ea10
0x000000001f24f780:   000000001c98e800 00000000741f283d
0x000000001f24f790:   000000001f24fa98 0000000100006bd0
0x000000001f24f7a0:   0000000100447570 0000000000f398e0 

Instructions: (pc=0x0000000074344ef7)
0x0000000074344ed7:   48 89 6c 24 30 33 ed 66 90 e8 4b 5d 08 00 ff c3
0x0000000074344ee7:   48 63 c8 48 8b c6 48 0f af cf 48 ff c7 48 2b c1
0x0000000074344ef7:   89 28 48 63 c3 48 3b 05 a5 a9 59 00 7e db 48 8b
0x0000000074344f07:   6c 24 30 48 8b 5c 24 38 48 8b 74 24 40 48 83 c4 


Register to memory mapping:

RAX=0x000000001f24a6b0 is pointing into the stack for thread: 0x000000001c98e800
RBX=0x0000000000000006 is an unknown value
RCX=0x0000000000005000 is an unknown value
RDX=0x0000000000000006 is an unknown value
RSP=0x000000001f24f6b0 is pointing into the stack for thread: 0x000000001c98e800
RBP=0x0000000000000000 is an unknown value
RSI=0x000000001f24f6b0 is pointing into the stack for thread: 0x000000001c98e800
RDI=0x0000000000000006 is an unknown value
R8 =0x0000000000000006 is an unknown value
R9 =0x000000001c97f820 is an unknown value
R10={method} {0x00000000176be1e0} 'run' '()V' in 'java/lang/Thread'
R11=0x000000001f15a148 is pointing into the stack for thread: 0x000000001c98e800
R12=0x000000001c97f820 is an unknown value
R13=0x000000001c98e800 is a thread
R14=0x000000001f24f778 is pointing into the stack for thread: 0x000000001c98e800
R15={method} {0x00000000176be1e0} 'run' '()V' in 'java/lang/Thread'


Stack: [0x000000001f150000,0x000000001f250000],  sp=0x000000001f24f6b0,  free space=1021k
Native frames: (J=compiled Java code, j=interpreted, Vv=VM code, C=native code)


---------------  P R O C E S S  ---------------

Java Threads: ( => current thread )
  0x000000001c991800 JavaThread "http-nio-8081-exec-10" daemon [_thread_blocked, id=211548, stack(0x000000001f650000,0x000000001f750000)]
  0x000000001c988800 JavaThread "http-nio-8081-exec-9" daemon [_thread_blocked, id=214252, stack(0x000000001f550000,0x000000001f650000)]
  0x000000001c98d000 JavaThread "http-nio-8081-exec-8" daemon [_thread_blocked, id=211304, stack(0x000000001f450000,0x000000001f550000)]
  0x000000001c98f000 JavaThread "http-nio-8081-exec-7" daemon [_thread_in_vm, id=214604, stack(0x000000001f350000,0x000000001f450000)]
  0x000000001c987800 JavaThread "http-nio-8081-exec-6" daemon [_thread_blocked, id=210948, stack(0x000000001f250000,0x000000001f350000)]
=>0x000000001c98e800 JavaThread "http-nio-8081-exec-5" daemon [_thread_in_vm, id=209748, stack(0x000000001f150000,0x000000001f250000)]
  0x000000001c98d800 JavaThread "http-nio-8081-exec-4" daemon [_thread_blocked, id=214228, stack(0x000000001f050000,0x000000001f150000)]
  0x000000001c98c000 JavaThread "http-nio-8081-exec-3" daemon [_thread_blocked, id=214560, stack(0x000000001ef50000,0x000000001f050000)]
  0x000000001c98b800 JavaThread "http-nio-8081-exec-2" daemon [_thread_blocked, id=213244, stack(0x000000001ee50000,0x000000001ef50000)]
  0x000000001c98a800 JavaThread "http-nio-8081-exec-1" daemon [_thread_blocked, id=213700, stack(0x000000001ed50000,0x000000001ee50000)]
  0x000000001c98a000 JavaThread "http-nio-8081-BlockPoller" daemon [_thread_in_native, id=211284, stack(0x000000001ec50000,0x000000001ed50000)]
  0x000000001c989000 JavaThread "JMX server connection timeout 33" daemon [_thread_blocked, id=209544, stack(0x000000001eb50000,0x000000001ec50000)]
  0x000000001c50f000 JavaThread "File Watcher" daemon [_thread_blocked, id=211688, stack(0x000000001ea50000,0x000000001eb50000)]
  0x000000001c50d800 JavaThread "task-1" [_thread_blocked, id=213080, stack(0x000000001e150000,0x000000001e250000)]
  0x000000001c50c000 JavaThread "HikariPool-1 connection adder" daemon [_thread_blocked, id=205096, stack(0x000000001e050000,0x000000001e150000)]
  0x000000001c50c800 JavaThread "Live Reload Server" daemon [_thread_in_native, id=211560, stack(0x000000001de50000,0x000000001df50000)]
  0x000000001c503800 JavaThread "container-0" [_thread_blocked, id=214616, stack(0x000000001dd50000,0x000000001de50000)]
  0x000000001c502800 JavaThread "Catalina-utility-2" [_thread_blocked, id=213444, stack(0x000000001dc50000,0x000000001dd50000)]
  0x000000001c501000 JavaThread "Catalina-utility-1" [_thread_blocked, id=214516, stack(0x000000001db50000,0x000000001dc50000)]
  0x000000001c4c6800 JavaThread "HikariPool-1 housekeeper" daemon [_thread_blocked, id=208828, stack(0x000000001d850000,0x000000001d950000)]
  0x000000001bed3000 JavaThread "RMI Scheduler(0)" daemon [_thread_blocked, id=214856, stack(0x000000001cd50000,0x000000001ce50000)]
  0x000000001be5f800 JavaThread "RMI TCP Connection(1)-10.100.101.115" daemon [_thread_in_native, id=211884, stack(0x000000001b480000,0x000000001b580000)]
  0x000000001a95b000 JavaThread "restartedMain" [_thread_blocked, id=214780, stack(0x000000001b380000,0x000000001b480000)]
  0x000000001a955000 JavaThread "Thread-1" [_thread_blocked, id=213104, stack(0x000000001b280000,0x000000001b380000)]
  0x000000001a6a9800 JavaThread "RMI TCP Accept-0" daemon [_thread_in_native, id=213088, stack(0x000000001add0000,0x000000001aed0000)]
  0x000000001a480000 JavaThread "Service Thread" daemon [_thread_blocked, id=212268, stack(0x000000001ac40000,0x000000001ad40000)]
  0x0000000019de2800 JavaThread "C1 CompilerThread2" daemon [_thread_blocked, id=214136, stack(0x000000001a340000,0x000000001a440000)]
  0x0000000019d81800 JavaThread "C2 CompilerThread1" daemon [_thread_blocked, id=214172, stack(0x000000001a240000,0x000000001a340000)]
  0x0000000019d80800 JavaThread "C2 CompilerThread0" daemon [_thread_blocked, id=204480, stack(0x000000001a140000,0x000000001a240000)]
  0x0000000019d5c000 JavaThread "Monitor Ctrl-Break" daemon [_thread_in_native, id=214404, stack(0x000000001a040000,0x000000001a140000)]
  0x0000000019a4c800 JavaThread "Attach Listener" daemon [_thread_blocked, id=214416, stack(0x0000000019f40000,0x000000001a040000)]
  0x0000000019a96800 JavaThread "Signal Dispatcher" daemon [_thread_blocked, id=213696, stack(0x0000000019e40000,0x0000000019f40000)]
  0x000000000337b000 JavaThread "Finalizer" daemon [_thread_blocked, id=213256, stack(0x00000000198e0000,0x00000000199e0000)]
  0x0000000003378000 JavaThread "Reference Handler" daemon [_thread_blocked, id=212524, stack(0x00000000197e0000,0x00000000198e0000)]
  0x0000000003286800 JavaThread "main" [_thread_blocked, id=214104, stack(0x0000000002fe0000,0x00000000030e0000)]

Other Threads:
  0x0000000018037800 VMThread [stack: 0x00000000196e0000,0x00000000197e0000] [id=214156]
  0x000000001a6ae800 WatcherThread [stack: 0x000000001aed0000,0x000000001afd0000] [id=214720]

VM state:synchronizing (normal execution)

VM Mutex/Monitor currently owned by a thread:  ([mutex/lock_event])
[0x00000000032839a0] Threads_lock - owner thread: 0x0000000018037800
[0x0000000003284220] Heap_lock - owner thread: 0x000000001c50d800

OutOfMemory and StackOverflow Exception counts:
OutOfMemoryError java_heap_errors=1

heap address: 0x0000000082600000, size: 2010 MB, Compressed Oops mode: 32-bit
Narrow klass base: 0x0000000000000000, Narrow klass shift: 3
Compressed class space size: 1073741824 Address: 0x0000000100000000

Heap:
 PSYoungGen      total 238592K, used 71989K [0x00000000d6200000, 0x00000000ec980000, 0x0000000100000000)
  eden space 225792K, 31% used [0x00000000d6200000,0x00000000da84d7d8,0x00000000e3e80000)
  from space 12800K, 0% used [0x00000000e3e80000,0x00000000e3e80000,0x00000000e4b00000)
  to   space 12288K, 0% used [0x00000000ebd80000,0x00000000ebd80000,0x00000000ec980000)
 ParOldGen       total 50176K, used 13247K [0x0000000082600000, 0x0000000085700000, 0x00000000d6200000)
  object space 50176K, 26% used [0x0000000082600000,0x00000000832eff80,0x0000000085700000)
 Metaspace       used 40156K, capacity 42416K, committed 42496K, reserved 1089536K
  class space    used 5398K, capacity 5836K, committed 5888K, reserved 1048576K

Card table byte_map: [0x0000000012740000,0x0000000012b30000] byte_map_base: 0x000000001232d000

Marking Bits: (ParMarkBitMap*) 0x0000000074955ce0
 Begin Bits: [0x00000000133d0000, 0x0000000015338000)
 End Bits:   [0x0000000015338000, 0x00000000172a0000)

Polling page: 0x0000000002ad0000

CodeCache: size=245760Kb used=6631Kb max_used=6631Kb free=239128Kb
 bounds [0x0000000003380000, 0x0000000003a00000, 0x0000000012380000]
 total_blobs=3794 nmethods=3286 adapters=419
 compilation: enabled

Compilation events (10 events):
Event: 2.285 Thread 0x0000000019de2800 nmethod 3279 0x00000000039f5f10 code [0x00000000039f6080, 0x00000000039f6278]
Event: 2.285 Thread 0x0000000019de2800 3280       1       java.io.ObjectStreamClass::processQueue (21 bytes)
Event: 2.285 Thread 0x0000000019de2800 nmethod 3280 0x00000000039f6390 code [0x00000000039f6500, 0x00000000039f6818]
Event: 2.285 Thread 0x0000000019de2800 3281       1       java.io.BufferedInputStream::fill (233 bytes)
Event: 2.286 Thread 0x0000000019de2800 nmethod 3281 0x00000000039f6990 code [0x00000000039f6b80, 0x00000000039f7358]
Event: 2.286 Thread 0x0000000019de2800 3282       1       java.util.Collections::unmodifiableSet (9 bytes)
Event: 2.286 Thread 0x0000000019de2800 nmethod 3282 0x00000000039f76d0 code [0x00000000039f7840, 0x00000000039f7a48]
Event: 2.292 Thread 0x0000000019de2800 3283       1       java.util.ResourceBundle::isValidBundle (17 bytes)
Event: 2.293 Thread 0x0000000019de2800 nmethod 3283 0x00000000039f9150 code [0x00000000039f92a0, 0x00000000039f93d0]
Event: 2.294 Thread 0x0000000019de2800 3284       1       java.net.InetAddress::holder (5 bytes)

GC Heap History (10 events):
Event: 1.257 GC heap before
{Heap before GC invocations=7 (full 1):
 PSYoungGen      total 139264K, used 7909K [0x00000000d6200000, 0x00000000df600000, 0x0000000100000000)
  eden space 130048K, 0% used [0x00000000d6200000,0x00000000d6200000,0x00000000de100000)
  from space 9216K, 85% used [0x00000000deb00000,0x00000000df2b9488,0x00000000df400000)
  to   space 10240K, 0% used [0x00000000de100000,0x00000000de100000,0x00000000deb00000)
 ParOldGen       total 86016K, used 5009K [0x0000000082600000, 0x0000000087a00000, 0x00000000d6200000)
  object space 86016K, 5% used [0x0000000082600000,0x0000000082ae47e8,0x0000000087a00000)
 Metaspace       used 20354K, capacity 21216K, committed 21296K, reserved 1067008K
  class space    used 2667K, capacity 2869K, committed 2944K, reserved 1048576K
Event: 1.276 GC heap after
Heap after GC invocations=7 (full 1):
 PSYoungGen      total 139264K, used 0K [0x00000000d6200000, 0x00000000df600000, 0x0000000100000000)
  eden space 130048K, 0% used [0x00000000d6200000,0x00000000d6200000,0x00000000de100000)
  from space 9216K, 0% used [0x00000000deb00000,0x00000000deb00000,0x00000000df400000)
  to   space 10240K, 0% used [0x00000000de100000,0x00000000de100000,0x00000000deb00000)
 ParOldGen       total 50176K, used 7829K [0x0000000082600000, 0x0000000085700000, 0x00000000d6200000)
  object space 50176K, 15% used [0x0000000082600000,0x0000000082da5648,0x0000000085700000)
 Metaspace       used 20352K, capacity 21210K, committed 21296K, reserved 1067008K
  class space    used 2666K, capacity 2868K, committed 2944K, reserved 1048576K
}
Event: 1.745 GC heap before
{Heap before GC invocations=8 (full 1):
 PSYoungGen      total 139264K, used 130048K [0x00000000d6200000, 0x00000000df600000, 0x0000000100000000)
  eden space 130048K, 100% used [0x00000000d6200000,0x00000000de100000,0x00000000de100000)
  from space 9216K, 0% used [0x00000000deb00000,0x00000000deb00000,0x00000000df400000)
  to   space 10240K, 0% used [0x00000000de100000,0x00000000de100000,0x00000000deb00000)
 ParOldGen       total 50176K, used 7829K [0x0000000082600000, 0x0000000085700000, 0x00000000d6200000)
  object space 50176K, 15% used [0x0000000082600000,0x0000000082da5648,0x0000000085700000)
 Metaspace       used 27367K, capacity 29170K, committed 29440K, reserved 1075200K
  class space    used 3664K, capacity 3991K, committed 4096K, reserved 1048576K
Event: 1.751 GC heap after
Heap after GC invocations=8 (full 1):
 PSYoungGen      total 140288K, used 9741K [0x00000000d6200000, 0x00000000e5800000, 0x0000000100000000)
  eden space 130048K, 0% used [0x00000000d6200000,0x00000000d6200000,0x00000000de100000)
  from space 10240K, 95% used [0x00000000de100000,0x00000000dea837b8,0x00000000deb00000)
  to   space 11264K, 0% used [0x00000000e4d00000,0x00000000e4d00000,0x00000000e5800000)
 ParOldGen       total 50176K, used 7837K [0x0000000082600000, 0x0000000085700000, 0x00000000d6200000)
  object space 50176K, 15% used [0x0000000082600000,0x0000000082da7648,0x0000000085700000)
 Metaspace       used 27367K, capacity 29170K, committed 29440K, reserved 1075200K
  class space    used 3664K, capacity 3991K, committed 4096K, reserved 1048576K
}
Event: 2.053 GC heap before
{Heap before GC invocations=9 (full 1):
 PSYoungGen      total 140288K, used 109261K [0x00000000d6200000, 0x00000000e5800000, 0x0000000100000000)
  eden space 130048K, 76% used [0x00000000d6200000,0x00000000dc32fd80,0x00000000de100000)
  from space 10240K, 95% used [0x00000000de100000,0x00000000dea837b8,0x00000000deb00000)
  to   space 11264K, 0% used [0x00000000e4d00000,0x00000000e4d00000,0x00000000e5800000)
 ParOldGen       total 50176K, used 7837K [0x0000000082600000, 0x0000000085700000, 0x00000000d6200000)
  object space 50176K, 15% used [0x0000000082600000,0x0000000082da7648,0x0000000085700000)
 Metaspace       used 33514K, capacity 35478K, committed 35712K, reserved 1081344K
  class space    used 4337K, capacity 4701K, committed 4736K, reserved 1048576K
Event: 2.059 GC heap after
Heap after GC invocations=9 (full 1):
 PSYoungGen      total 236032K, used 10639K [0x00000000d6200000, 0x00000000e5780000, 0x0000000100000000)
  eden space 225280K, 0% used [0x00000000d6200000,0x00000000d6200000,0x00000000e3e00000)
  from space 10752K, 98% used [0x00000000e4d00000,0x00000000e5763d80,0x00000000e5780000)
  to   space 12800K, 0% used [0x00000000e3e80000,0x00000000e3e80000,0x00000000e4b00000)
 ParOldGen       total 50176K, used 7845K [0x0000000082600000, 0x0000000085700000, 0x00000000d6200000)
  object space 50176K, 15% used [0x0000000082600000,0x0000000082da9648,0x0000000085700000)
 Metaspace       used 33514K, capacity 35478K, committed 35712K, reserved 1081344K
  class space    used 4337K, capacity 4701K, committed 4736K, reserved 1048576K
}
Event: 2.067 GC heap before
{Heap before GC invocations=10 (full 1):
 PSYoungGen      total 236032K, used 20913K [0x00000000d6200000, 0x00000000e5780000, 0x0000000100000000)
  eden space 225280K, 4% used [0x00000000d6200000,0x00000000d6c08818,0x00000000e3e00000)
  from space 10752K, 98% used [0x00000000e4d00000,0x00000000e5763d80,0x00000000e5780000)
  to   space 12800K, 0% used [0x00000000e3e80000,0x00000000e3e80000,0x00000000e4b00000)
 ParOldGen       total 50176K, used 7845K [0x0000000082600000, 0x0000000085700000, 0x00000000d6200000)
  object space 50176K, 15% used [0x0000000082600000,0x0000000082da9648,0x0000000085700000)
 Metaspace       used 33792K, capacity 35690K, committed 35828K, reserved 1081344K
  class space    used 4370K, capacity 4705K, committed 4736K, reserved 1048576K
Event: 2.072 GC heap after
Heap after GC invocations=10 (full 1):
 PSYoungGen      total 238592K, used 7198K [0x00000000d6200000, 0x00000000ec980000, 0x0000000100000000)
  eden space 225792K, 0% used [0x00000000d6200000,0x00000000d6200000,0x00000000e3e80000)
  from space 12800K, 56% used [0x00000000e3e80000,0x00000000e45878b0,0x00000000e4b00000)
  to   space 12288K, 0% used [0x00000000ebd80000,0x00000000ebd80000,0x00000000ec980000)
 ParOldGen       total 50176K, used 7845K [0x0000000082600000, 0x0000000085700000, 0x00000000d6200000)
  object space 50176K, 15% used [0x0000000082600000,0x0000000082da9648,0x0000000085700000)
 Metaspace       used 33792K, capacity 35690K, committed 35828K, reserved 1081344K
  class space    used 4370K, capacity 4705K, committed 4736K, reserved 1048576K
}
Event: 2.072 GC heap before
{Heap before GC invocations=11 (full 2):
 PSYoungGen      total 238592K, used 7198K [0x00000000d6200000, 0x00000000ec980000, 0x0000000100000000)
  eden space 225792K, 0% used [0x00000000d6200000,0x00000000d6200000,0x00000000e3e80000)
  from space 12800K, 56% used [0x00000000e3e80000,0x00000000e45878b0,0x00000000e4b00000)
  to   space 12288K, 0% used [0x00000000ebd80000,0x00000000ebd80000,0x00000000ec980000)
 ParOldGen       total 50176K, used 7845K [0x0000000082600000, 0x0000000085700000, 0x00000000d6200000)
  object space 50176K, 15% used [0x0000000082600000,0x0000000082da9648,0x0000000085700000)
 Metaspace       used 33792K, capacity 35690K, committed 35828K, reserved 1081344K
  class space    used 4370K, capacity 4705K, committed 4736K, reserved 1048576K
Event: 2.095 GC heap after
Heap after GC invocations=11 (full 2):
 PSYoungGen      total 238592K, used 0K [0x00000000d6200000, 0x00000000ec980000, 0x0000000100000000)
  eden space 225792K, 0% used [0x00000000d6200000,0x00000000d6200000,0x00000000e3e80000)
  from space 12800K, 0% used [0x00000000e3e80000,0x00000000e3e80000,0x00000000e4b00000)
  to   space 12288K, 0% used [0x00000000ebd80000,0x00000000ebd80000,0x00000000ec980000)
 ParOldGen       total 50176K, used 13247K [0x0000000082600000, 0x0000000085700000, 0x00000000d6200000)
  object space 50176K, 26% used [0x0000000082600000,0x00000000832eff80,0x0000000085700000)
 Metaspace       used 33792K, capacity 35690K, committed 35828K, reserved 1081344K
  class space    used 4370K, capacity 4705K, committed 4736K, reserved 1048576K
}

Deoptimization events (0 events):
No events

Classes redefined (0 events):
No events

Internal exceptions (10 events):
Event: 2.198 Thread 0x000000001a95b000 Exception <a 'java/lang/ArrayIndexOutOfBoundsException'> (0x00000000d884cb40) thrown at [C:\re\workspace\8-2-build-windows-amd64-cygwin\jdk8u211\12973\hotspot\src\share\vm\runtime\sharedRuntime.cpp, line 605]
Event: 2.198 Thread 0x000000001a95b000 Exception <a 'java/lang/ArrayIndexOutOfBoundsException'> (0x00000000d8851078) thrown at [C:\re\workspace\8-2-build-windows-amd64-cygwin\jdk8u211\12973\hotspot\src\share\vm\runtime\sharedRuntime.cpp, line 605]
Event: 2.198 Thread 0x000000001a95b000 Exception <a 'java/lang/ArrayIndexOutOfBoundsException'> (0x00000000d88537f8) thrown at [C:\re\workspace\8-2-build-windows-amd64-cygwin\jdk8u211\12973\hotspot\src\share\vm\runtime\sharedRuntime.cpp, line 605]
Event: 2.198 Thread 0x000000001a95b000 Exception <a 'java/lang/ArrayIndexOutOfBoundsException'> (0x00000000d8854750) thrown at [C:\re\workspace\8-2-build-windows-amd64-cygwin\jdk8u211\12973\hotspot\src\share\vm\runtime\sharedRuntime.cpp, line 605]
Event: 2.198 Thread 0x000000001a95b000 Exception <a 'java/lang/ArrayIndexOutOfBoundsException'> (0x00000000d8855ab8) thrown at [C:\re\workspace\8-2-build-windows-amd64-cygwin\jdk8u211\12973\hotspot\src\share\vm\runtime\sharedRuntime.cpp, line 605]
Event: 2.198 Thread 0x000000001a95b000 Exception <a 'java/lang/ArrayIndexOutOfBoundsException'> (0x00000000d88570d0) thrown at [C:\re\workspace\8-2-build-windows-amd64-cygwin\jdk8u211\12973\hotspot\src\share\vm\runtime\sharedRuntime.cpp, line 605]
Event: 2.220 Thread 0x000000001a95b000 Exception <a 'java/lang/IncompatibleClassChangeError': Found class java.lang.Object, but interface was expected> (0x00000000d8ef8400) thrown at [C:\re\workspace\8-2-build-windows-amd64-cygwin\jdk8u211\12973\hotspot\src\share\vm\interpreter\linkResolver.cp
Event: 2.243 Thread 0x000000001a95b000 Exception <a 'java/lang/ArrayIndexOutOfBoundsException'> (0x00000000d9229d48) thrown at [C:\re\workspace\8-2-build-windows-amd64-cygwin\jdk8u211\12973\hotspot\src\share\vm\runtime\sharedRuntime.cpp, line 605]
Event: 2.245 Thread 0x000000001a95b000 Exception <a 'java/lang/ArrayIndexOutOfBoundsException'> (0x00000000d92451b8) thrown at [C:\re\workspace\8-2-build-windows-amd64-cygwin\jdk8u211\12973\hotspot\src\share\vm\runtime\sharedRuntime.cpp, line 605]
Event: 2.245 Thread 0x000000001a95b000 Exception <a 'java/lang/ArrayIndexOutOfBoundsException'> (0x00000000d9249360) thrown at [C:\re\workspace\8-2-build-windows-amd64-cygwin\jdk8u211\12973\hotspot\src\share\vm\runtime\sharedRuntime.cpp, line 605]

Events (10 events):
Event: 2.293 loading class org/hibernate/annotations/common/reflection/java/generics/TypeEnvironmentFactory$1
Event: 2.293 loading class org/hibernate/annotations/common/reflection/java/generics/TypeEnvironmentFactory$1 done
Event: 2.294 loading class org/hibernate/annotations/common/reflection/java/generics/CompoundTypeEnvironment
Event: 2.294 loading class org/hibernate/annotations/common/reflection/java/generics/CompoundTypeEnvironment done
Event: 2.294 loading class org/hibernate/cfg/InheritanceState
Event: 2.294 loading class org/hibernate/cfg/InheritanceState done
Event: 2.294 loading class javax/persistence/Inheritance
Event: 2.294 loading class javax/persistence/Inheritance done
Event: 2.294 loading class javax/persistence/InheritanceType
Event: 2.294 loading class javax/persistence/InheritanceType done


Dynamic libraries:
0x00007ff6de620000 - 0x00007ff6de657000 	C:\Program Files\Java\jdk1.8.0_211\bin\java.exe
0x00007ff8d66c0000 - 0x00007ff8d68b0000 	C:\Windows\SYSTEM32\ntdll.dll
0x00007ff8d5f80000 - 0x00007ff8d6032000 	C:\Windows\System32\KERNEL32.DLL
0x00007ff8d4220000 - 0x00007ff8d44c4000 	C:\Windows\System32\KERNELBASE.dll
0x00007ff8d0f30000 - 0x00007ff8d0fbf000 	C:\Windows\SYSTEM32\apphelp.dll
0x00007ff8d5580000 - 0x00007ff8d5623000 	C:\Windows\System32\ADVAPI32.dll
0x00007ff8d6420000 - 0x00007ff8d64be000 	C:\Windows\System32\msvcrt.dll
0x00007ff8d5d10000 - 0x00007ff8d5da7000 	C:\Windows\System32\sechost.dll
0x00007ff8d48d0000 - 0x00007ff8d49f0000 	C:\Windows\System32\RPCRT4.dll
0x00007ff8d5db0000 - 0x00007ff8d5f44000 	C:\Windows\System32\USER32.dll
0x00007ff8d3e70000 - 0x00007ff8d3e91000 	C:\Windows\System32\win32u.dll
0x00007ff8d5550000 - 0x00007ff8d5576000 	C:\Windows\System32\GDI32.dll
0x00007ff8d45d0000 - 0x00007ff8d4765000 	C:\Windows\System32\gdi32full.dll
0x00007ff8d3650000 - 0x00007ff8d36ee000 	C:\Windows\System32\msvcp_win.dll
0x00007ff8d3ff0000 - 0x00007ff8d40ea000 	C:\Windows\System32\ucrtbase.dll
0x00007ff8d2a30000 - 0x00007ff8d2cb4000 	C:\Windows\WinSxS\amd64_microsoft.windows.common-controls_6595b64144ccf1df_6.0.18362.900_none_e6beb9d913147d17\COMCTL32.dll
0x00007ff8d5160000 - 0x00007ff8d5495000 	C:\Windows\System32\combase.dll
0x00007ff8d44d0000 - 0x00007ff8d4550000 	C:\Windows\System32\bcryptPrimitives.dll
0x00007ff8d5f50000 - 0x00007ff8d5f7e000 	C:\Windows\System32\IMM32.DLL
0x00000000749e0000 - 0x0000000074ab2000 	C:\Program Files\Java\jdk1.8.0_211\jre\bin\msvcr100.dll
0x0000000074130000 - 0x00000000749d5000 	C:\Program Files\Java\jdk1.8.0_211\jre\bin\server\jvm.dll
0x00007ff8d6410000 - 0x00007ff8d6418000 	C:\Windows\System32\PSAPI.DLL
0x00007ff8ce1f0000 - 0x00007ff8ce1fa000 	C:\Windows\SYSTEM32\VERSION.dll
0x00007ff8d11f0000 - 0x00007ff8d1214000 	C:\Windows\SYSTEM32\WINMM.dll
0x00007ff8d11c0000 - 0x00007ff8d11ed000 	C:\Windows\SYSTEM32\winmmbase.dll
0x00007ff8cf0f0000 - 0x00007ff8cf0f9000 	C:\Windows\SYSTEM32\WSOCK32.dll
0x00007ff8d4580000 - 0x00007ff8d45ca000 	C:\Windows\System32\cfgmgr32.dll
0x00007ff8d63a0000 - 0x00007ff8d640f000 	C:\Windows\System32\WS2_32.dll
0x00007ff8d3070000 - 0x00007ff8d307f000 	C:\Program Files\Java\jdk1.8.0_211\jre\bin\verify.dll
0x00007ff8cefe0000 - 0x00007ff8cf009000 	C:\Program Files\Java\jdk1.8.0_211\jre\bin\java.dll
0x00007ff8c1e50000 - 0x00007ff8c1e73000 	C:\Program Files\Java\jdk1.8.0_211\jre\bin\instrument.dll
0x00007ff8cefc0000 - 0x00007ff8cefd6000 	C:\Program Files\Java\jdk1.8.0_211\jre\bin\zip.dll
0x00007ff8d49f0000 - 0x00007ff8d50d6000 	C:\Windows\System32\SHELL32.dll
0x00007ff8d5630000 - 0x00007ff8d56d9000 	C:\Windows\System32\shcore.dll
0x00007ff8d36f0000 - 0x00007ff8d3e70000 	C:\Windows\System32\windows.storage.dll
0x00007ff8d3620000 - 0x00007ff8d3643000 	C:\Windows\System32\profapi.dll
0x00007ff8d3590000 - 0x00007ff8d35da000 	C:\Windows\System32\powrprof.dll
0x00007ff8d3580000 - 0x00007ff8d3590000 	C:\Windows\System32\UMPDC.dll
0x00007ff8d60c0000 - 0x00007ff8d6112000 	C:\Windows\System32\shlwapi.dll
0x00007ff8d3600000 - 0x00007ff8d3611000 	C:\Windows\System32\kernel.appcore.dll
0x00007ff8d40f0000 - 0x00007ff8d4107000 	C:\Windows\System32\cryptsp.dll
0x00007ff8c1e30000 - 0x00007ff8c1e4a000 	C:\Program Files\JetBrains\IntelliJ IDEA 2020.1.4\bin\breakgen64.dll
0x00007ff8c1e10000 - 0x00007ff8c1e2a000 	C:\Program Files\Java\jdk1.8.0_211\jre\bin\net.dll
0x00007ff8c08e0000 - 0x00007ff8c0ab6000 	C:\Windows\SYSTEM32\urlmon.dll
0x00007ff8c3570000 - 0x00007ff8c3816000 	C:\Windows\SYSTEM32\iertutil.dll
0x00007ff8d28e0000 - 0x00007ff8d28ec000 	C:\Windows\SYSTEM32\CRYPTBASE.DLL
0x00007ff8d2710000 - 0x00007ff8d2777000 	C:\Windows\system32\mswsock.dll
0x00007ff8cf9d0000 - 0x00007ff8cfa1b000 	C:\Program Files (x86)\Sangfor\SSL\ClientComponent3\SangforNspX64.dll
0x00007ff8d4770000 - 0x00007ff8d48c7000 	C:\Windows\System32\ole32.dll
0x00007ff8d62d0000 - 0x00007ff8d6395000 	C:\Windows\System32\OLEAUT32.dll
0x00007ff8d2460000 - 0x00007ff8d252b000 	C:\Windows\SYSTEM32\DNSAPI.dll
0x00007ff8d64c0000 - 0x00007ff8d64c8000 	C:\Windows\System32\NSI.dll
0x00007ff8d2420000 - 0x00007ff8d245a000 	C:\Windows\SYSTEM32\IPHLPAPI.DLL
0x00007ff8c5120000 - 0x00007ff8c512a000 	C:\Windows\System32\rasadhlp.dll
0x00007ff8ce200000 - 0x00007ff8ce277000 	C:\Windows\System32\fwpuclnt.dll
0x00007ff8d4550000 - 0x00007ff8d4576000 	C:\Windows\System32\bcrypt.dll
0x00007ff8cf970000 - 0x00007ff8cf97d000 	C:\Program Files\Java\jdk1.8.0_211\jre\bin\management.dll
0x00007ff8c1db0000 - 0x00007ff8c1dc2000 	C:\Program Files\Java\jdk1.8.0_211\jre\bin\nio.dll
0x00007ff8d2280000 - 0x00007ff8d22b3000 	C:\Windows\system32\rsaenh.dll
0x00007ff8d3470000 - 0x00007ff8d3495000 	C:\Windows\SYSTEM32\USERENV.dll
0x00007ff8ce1c0000 - 0x00007ff8ce1d6000 	C:\Windows\SYSTEM32\dhcpcsvc6.DLL
0x00007ff8ce1a0000 - 0x00007ff8ce1bc000 	C:\Windows\SYSTEM32\dhcpcsvc.DLL
0x00007ff8b9370000 - 0x00007ff8b9386000 	C:\Windows\system32\napinsp.dll
0x00007ff8b9330000 - 0x00007ff8b934a000 	C:\Windows\system32\pnrpnsp.dll
0x00007ff8bae90000 - 0x00007ff8bae9e000 	C:\Windows\System32\winrnr.dll
0x00007ff8cf940000 - 0x00007ff8cf95c000 	C:\Windows\system32\NLAapi.dll
0x00007ff8b9310000 - 0x00007ff8b9325000 	C:\Windows\system32\wshbth.dll

VM Arguments:
jvm_args: -XX:TieredStopAtLevel=1 -Xverify:none -Dspring.output.ansi.enabled=always -Dcom.sun.management.jmxremote -Dspring.jmx.enabled=true -Dspring.liveBeansView.mbeanDomain -Dspring.application.admin.enabled=true -javaagent:C:\Program Files\JetBrains\IntelliJ IDEA 2020.1.4\lib\idea_rt.jar=9092:C:\Program Files\JetBrains\IntelliJ IDEA 2020.1.4\bin -Dfile.encoding=UTF-8 
java_command: com.chunmiao.h2andhikaridemo.H2andhikaridemoApplication
java_class_path (initial): C:\Program Files\Java\jdk1.8.0_211\jre\lib\charsets.jar;C:\Program Files\Java\jdk1.8.0_211\jre\lib\deploy.jar;C:\Program Files\Java\jdk1.8.0_211\jre\lib\ext\access-bridge-64.jar;C:\Program Files\Java\jdk1.8.0_211\jre\lib\ext\cldrdata.jar;C:\Program Files\Java\jdk1.8.0_211\jre\lib\ext\dnsns.jar;C:\Program Files\Java\jdk1.8.0_211\jre\lib\ext\jaccess.jar;C:\Program Files\Java\jdk1.8.0_211\jre\lib\ext\jfxrt.jar;C:\Program Files\Java\jdk1.8.0_211\jre\lib\ext\localedata.jar;C:\Program Files\Java\jdk1.8.0_211\jre\lib\ext\nashorn.jar;C:\Program Files\Java\jdk1.8.0_211\jre\lib\ext\sunec.jar;C:\Program Files\Java\jdk1.8.0_211\jre\lib\ext\sunjce_provider.jar;C:\Program Files\Java\jdk1.8.0_211\jre\lib\ext\sunmscapi.jar;C:\Program Files\Java\jdk1.8.0_211\jre\lib\ext\sunpkcs11.jar;C:\Program Files\Java\jdk1.8.0_211\jre\lib\ext\zipfs.jar;C:\Program Files\Java\jdk1.8.0_211\jre\lib\javaws.jar;C:\Program Files\Java\jdk1.8.0_211\jre\lib\jce.jar;C:\Program Files\Java\jdk1.8.0_211\jre\lib\jfr.jar;C:\Program Files\Java\jdk1.8.0_211\jre\lib\jfxswt.jar;C:\Program Files\Java\jdk1.8.0_211\jre\lib\jsse.jar;C:\Program Files\Java\jdk1.8.0_211\jre\lib\management-agent.jar;C:\Program Files\Java\jdk1.8.0_211\jre\lib\plugin.jar;C:\Program Files\Java\jdk1.8.0_211\jre\lib\resources.jar;C:\Program Files\Java\jdk1.8.0_211\jre\lib\rt.jar;F:\Project\h2andhikaridemo\target\classes;C:\Users\chunmiaoz\.m2\repository\org\springframework\boot\spring-boot-starter-data-jpa\2.3.2.RELEASE\spring-boot-starter-data-jpa-2.3.2.RELEASE.jar;C:\Users\chunmiaoz\.m2\repository\org\springframework\boot\spring-boot-starter-aop\2.3.2.RELEASE\spring-boot-starter-aop-2.3.2.RELEASE.jar;C:\Users\chunmiaoz\.m2\repository\org\springframework\spring-aop\5.2.8.RELEASE\spring-aop-5.2.8.RELEASE.jar;C:\Users\chunmiaoz\.m2\repository\org\aspectj\aspectjweaver\1.9.6\aspectjweaver-1.9.6.jar;C:\Users\chunmiaoz\.m2\repository\org\springframework\boot\spring-boot-starter-jdbc\2.3.2.RELEASE\spring-boot-starter-jdb
Launcher Type: SUN_STANDARD

Environment Variables:
JAVA_HOME=C:\Program Files\Java\jdk1.8.0_211
CLASSPATH=.;
PATH=C:\Program Files (x86)\NetSarang\Xftp 6\;C:\Program Files (x86)\NetSarang\Xshell 6\;C:\Windows\system32;C:\Windows;C:\Windows\System32\Wbem;C:\Windows\System32\WindowsPowerShell\v1.0\;C:\Windows\System32\OpenSSH\;C:\Program Files\Java\jdk1.8.0_211\bin;C:\Program Files\Java\jdk1.8.0_211\jre\bin;E:\apache-maven-3.6.3\bin;C:\ProgramData\chocolatey\bin;C:\Program Files\Java\jdk1.8.0_211\bin;C:\Program Files\nodejs\;C:\Program Files\TortoiseGit\bin;C:\Users\chunmiaoz\AppData\Local\Microsoft\WindowsApps;C:\Program Files\JetBrains\IntelliJ IDEA 2020.1.4\bin;C:\Users\chunmiaoz\AppData\Roaming\npm
USERNAME=chunmiaoz
OS=Windows_NT
PROCESSOR_IDENTIFIER=Intel64 Family 6 Model 158 Stepping 10, GenuineIntel



---------------  S Y S T E M  ---------------

OS: Windows 10.0 , 64 bit Build 18362 (10.0.18362.900)

CPU:total 6 (initial active 6) (6 cores per cpu, 1 threads per core) family 6 model 158 stepping 10, cmov, cx8, fxsr, mmx, sse, sse2, sse3, ssse3, sse4.1, sse4.2, popcnt, avx, avx2, aes, clmul, erms, rtm, 3dnowpref, lzcnt, tsc, tscinvbit, bmi1, bmi2, adx

Memory: 4k page, physical 8228128k(1010688k free), swap 33393952k(0k free)

vm_info: Java HotSpot(TM) 64-Bit Server VM (25.211-b12) for windows-amd64 JRE (1.8.0_211-b12), built on Apr  1 2019 20:53:26 by "java_re" with MS VC++ 10.0 (VS2010)

time: Tue Aug 11 15:20:56 2020
timezone: 中国标准时间
elapsed time: 2 seconds (0d 0h 0m 2s)

